app/build/intermediates/manifest_merge_blame_file/debug/manifest-merger-blame-debug-report.txt
1<?xml version="1.0" encoding="utf-8"?>
2<manifest xmlns:android="http://schemas.android.com/apk/res/android"
3    package="com.example.surveyapplication"
4    android:versionCode="1"
5    android:versionName="1.0" >
6
7    <uses-sdk
8        android:minSdkVersion="21"
8-->src\main\AndroidManifest.xml
9        android:targetSdkVersion="33" />
9-->src\main\AndroidManifest.xml
10
11    <application
11-->src\main\AndroidManifest.xml:5:5-40:19
12        android:allowBackup="true"
12-->src\main\AndroidManifest.xml:6:9-35
13        android:appComponentFactory="androidx.core.app.CoreComponentFactory"
13-->[androidx.core:core:1.7.0] AndroidManifest.xml:24:18-86
14        android:dataExtractionRules="@xml/data_extraction_rules"
14-->src\main\AndroidManifest.xml:7:9-65
15        android:debuggable="true"
16        android:fullBackupContent="@xml/backup_rules"
16-->src\main\AndroidManifest.xml:8:9-54
17        android:icon="@mipmap/ic_launcher"
17-->src\main\AndroidManifest.xml:9:9-43
18        android:label="@string/app_name"
18-->src\main\AndroidManifest.xml:10:9-41
19        android:supportsRtl="true"
19-->src\main\AndroidManifest.xml:11:9-35
20        android:theme="@style/Theme.SurveyApplication" >
20-->src\main\AndroidManifest.xml:12:9-55
21        <activity
21-->src\main\AndroidManifest.xml:14:9-18:62
22            android:name="com.example.surveyapplication.RegisterActivity"
22-->src\main\AndroidManifest.xml:15:13-45
23            android:exported="false"
23-->src\main\AndroidManifest.xml:16:13-37
24            android:label="@string/title_activity_register"
24-->src\main\AndroidManifest.xml:17:13-60
25            android:theme="@style/Theme.SurveyApplication" />
25-->src\main\AndroidManifest.xml:18:13-59
26        <activity
26-->src\main\AndroidManifest.xml:19:9-23:62
27            android:name="com.example.surveyapplication.MainActivity"
27-->src\main\AndroidManifest.xml:20:13-41
28            android:exported="false"
28-->src\main\AndroidManifest.xml:21:13-37
29            android:label="MainActivity"
29-->src\main\AndroidManifest.xml:22:13-41
30            android:theme="@style/Theme.SurveyApplication" />
30-->src\main\AndroidManifest.xml:23:13-59
31        <activity
31-->src\main\AndroidManifest.xml:24:9-28:62
32            android:name="com.example.surveyapplication.AdminActivity"
32-->src\main\AndroidManifest.xml:25:13-42
33            android:exported="false"
33-->src\main\AndroidManifest.xml:26:13-37
34            android:label="@string/title_activity_admin"
34-->src\main\AndroidManifest.xml:27:13-57
35            android:theme="@style/Theme.SurveyApplication" />
35-->src\main\AndroidManifest.xml:28:13-59
36        <activity
36-->src\main\AndroidManifest.xml:29:9-39:20
37            android:name="com.example.surveyapplication.LoginActivity"
37-->src\main\AndroidManifest.xml:30:13-42
38            android:exported="true"
38-->src\main\AndroidManifest.xml:31:13-36
39            android:label="@string/app_name"
39-->src\main\AndroidManifest.xml:32:13-45
40            android:theme="@style/Theme.SurveyApplication" >
40-->src\main\AndroidManifest.xml:33:13-59
41            <intent-filter>
41-->src\main\AndroidManifest.xml:34:13-38:29
42                <action android:name="android.intent.action.MAIN" />
42-->src\main\AndroidManifest.xml:35:17-69
42-->src\main\AndroidManifest.xml:35:25-66
43
44                <category android:name="android.intent.category.LAUNCHER" />
44-->src\main\AndroidManifest.xml:37:17-77
44-->src\main\AndroidManifest.xml:37:27-74
45            </intent-filter>
46        </activity>
47
48        <service
48-->[androidx.room:room-runtime:2.5.0] AndroidManifest.xml:24:9-28:63
49            android:name="androidx.room.MultiInstanceInvalidationService"
49-->[androidx.room:room-runtime:2.5.0] AndroidManifest.xml:25:13-74
50            android:directBootAware="true"
50-->[androidx.room:room-runtime:2.5.0] AndroidManifest.xml:26:13-43
51            android:exported="false" />
51-->[androidx.room:room-runtime:2.5.0] AndroidManifest.xml:27:13-37
52
53        <activity
53-->[androidx.compose.ui:ui-tooling:1.2.0] AndroidManifest.xml:24:9-26:39
54            android:name="androidx.compose.ui.tooling.PreviewActivity"
54-->[androidx.compose.ui:ui-tooling:1.2.0] AndroidManifest.xml:25:13-71
55            android:exported="true" />
55-->[androidx.compose.ui:ui-tooling:1.2.0] AndroidManifest.xml:26:13-36
56        <activity
56-->[androidx.compose.ui:ui-test-manifest:1.2.0] AndroidManifest.xml:24:9-26:39
57            android:name="androidx.activity.ComponentActivity"
57-->[androidx.compose.ui:ui-test-manifest:1.2.0] AndroidManifest.xml:25:13-63
58            android:exported="true" />
58-->[androidx.compose.ui:ui-test-manifest:1.2.0] AndroidManifest.xml:26:13-36
59
60        <provider
60-->[androidx.profileinstaller:profileinstaller:1.2.0] AndroidManifest.xml:25:9-33:20
61            android:name="androidx.startup.InitializationProvider"
61-->[androidx.profileinstaller:profileinstaller:1.2.0] AndroidManifest.xml:26:13-67
62            android:authorities="com.example.surveyapplication.androidx-startup"
62-->[androidx.profileinstaller:profileinstaller:1.2.0] AndroidManifest.xml:27:13-68
63            android:exported="false" >
63-->[androidx.profileinstaller:profileinstaller:1.2.0] AndroidManifest.xml:28:13-37
64            <meta-data
64-->[androidx.profileinstaller:profileinstaller:1.2.0] AndroidManifest.xml:30:13-32:52
65                android:name="androidx.profileinstaller.ProfileInstallerInitializer"
65-->[androidx.profileinstaller:profileinstaller:1.2.0] AndroidManifest.xml:31:17-85
66                android:value="androidx.startup" />
66-->[androidx.profileinstaller:profileinstaller:1.2.0] AndroidManifest.xml:32:17-49
67        </provider>
68
69        <receiver
69-->[androidx.profileinstaller:profileinstaller:1.2.0] AndroidManifest.xml:35:9-47:20
70            android:name="androidx.profileinstaller.ProfileInstallReceiver"
70-->[androidx.profileinstaller:profileinstaller:1.2.0] AndroidManifest.xml:36:13-76
71            android:directBootAware="false"
71-->[androidx.profileinstaller:profileinstaller:1.2.0] AndroidManifest.xml:37:13-44
72            android:enabled="true"
72-->[androidx.profileinstaller:profileinstaller:1.2.0] AndroidManifest.xml:38:13-35
73            android:exported="true"
73-->[androidx.profileinstaller:profileinstaller:1.2.0] AndroidManifest.xml:39:13-36
74            android:permission="android.permission.DUMP" >
74-->[androidx.profileinstaller:profileinstaller:1.2.0] AndroidManifest.xml:40:13-57
75            <intent-filter>
75-->[androidx.profileinstaller:profileinstaller:1.2.0] AndroidManifest.xml:41:13-43:29
76                <action android:name="androidx.profileinstaller.action.INSTALL_PROFILE" />
76-->[androidx.profileinstaller:profileinstaller:1.2.0] AndroidManifest.xml:42:17-91
76-->[androidx.profileinstaller:profileinstaller:1.2.0] AndroidManifest.xml:42:25-88
77            </intent-filter>
78            <intent-filter>
78-->[androidx.profileinstaller:profileinstaller:1.2.0] AndroidManifest.xml:44:13-46:29
79                <action android:name="androidx.profileinstaller.action.SKIP_FILE" />
79-->[androidx.profileinstaller:profileinstaller:1.2.0] AndroidManifest.xml:45:17-85
79-->[androidx.profileinstaller:profileinstaller:1.2.0] AndroidManifest.xml:45:25-82
80            </intent-filter>
81        </receiver>
82    </application>
83
84</manifest>